c:\users\gabriel budau\desktop\3dprogramming-87f651b44187ea53e178adaa8ca68130c44646d1\tehprogaplgrafice\debug\temp\vc120.pdb
c:\users\gabriel budau\desktop\3dprogramming-87f651b44187ea53e178adaa8ca68130c44646d1\tehprogaplgrafice\debug\temp\vc120.idb
c:\users\gabriel budau\desktop\3dprogramming-87f651b44187ea53e178adaa8ca68130c44646d1\tehprogaplgrafice\debug\temp\main.obj
c:\users\gabriel budau\desktop\ray tracer\tehprogaplgrafice\debug\temp\vc120.pdb
c:\users\gabriel budau\desktop\ray tracer\tehprogaplgrafice\debug\temp\vc120.idb
c:\users\gabriel budau\desktop\ray tracer\tehprogaplgrafice\debug\temp\main.obj
c:\users\gabriel budau\desktop\3dprogramming-87f651b44187ea53e178adaa8ca68130c44646d1\tehprogaplgrafice\debug\ray tracer.ilk
c:\users\gabriel budau\desktop\3dprogramming-87f651b44187ea53e178adaa8ca68130c44646d1\tehprogaplgrafice\debug\ray tracer.exe
c:\users\gabriel budau\desktop\3dprogramming-87f651b44187ea53e178adaa8ca68130c44646d1\tehprogaplgrafice\debug\ray tracer.pdb
c:\users\gabriel budau\desktop\ray tracer\tehprogaplgrafice\debug\ray tracer.ilk
c:\users\gabriel budau\desktop\ray tracer\tehprogaplgrafice\debug\ray tracer.exe
c:\users\gabriel budau\desktop\ray tracer\tehprogaplgrafice\debug\ray tracer.pdb
c:\users\gabriel budau\desktop\ray tracer\tehprogaplgrafice\debug\temp\utils.obj
c:\users\gabriel budau\desktop\ray tracer\tehprogaplgrafice\debug\temp\v3.obj
c:\users\gabriel budau\desktop\ray tracer\tehprogaplgrafice\debug\temp\ray tracer.tlog\cl.command.1.tlog
c:\users\gabriel budau\desktop\ray tracer\tehprogaplgrafice\debug\temp\ray tracer.tlog\cl.read.1.tlog
c:\users\gabriel budau\desktop\ray tracer\tehprogaplgrafice\debug\temp\ray tracer.tlog\cl.write.1.tlog
c:\users\gabriel budau\desktop\ray tracer\tehprogaplgrafice\debug\temp\ray tracer.tlog\link.command.1.tlog
c:\users\gabriel budau\desktop\ray tracer\tehprogaplgrafice\debug\temp\ray tracer.tlog\link.read.1.tlog
c:\users\gabriel budau\desktop\ray tracer\tehprogaplgrafice\debug\temp\ray tracer.tlog\link.write.1.tlog
