Build started 4/1/2014 9:09:07 PM.
     1>Project "C:\Users\Gabriel Budau\Desktop\3DPROGRAMMING-87f651b44187ea53e178adaa8ca68130c44646d1\TehProgAplGrafice\TehProgAplGrafice.vcxproj" on node 2 (Build target(s)).
     1>C:\Program Files (x86)\MSBuild\Microsoft.Cpp\v4.0\V120\Microsoft.CppBuild.targets(381,5): warning MSB8028: The intermediate directory (Debug\Temp\) contains files shared from another project (TehProgAplGrafice.vcxproj).  This can lead to incorrect clean and rebuild behavior.
     1>ClCompile:
         C:\Program Files (x86)\Microsoft Visual Studio 12.0\VC\bin\CL.exe /c /I"C:\Users\Gabriel Budau\Desktop\3DPROGRAMMING-87f651b44187ea53e178adaa8ca68130c44646d1\TehProgAplGrafice\..\Libraries\freeglut\include\GL" /I"C:\Users\Gabriel Budau\Desktop\3DPROGRAMMING-87f651b44187ea53e178adaa8ca68130c44646d1\TehProgAplGrafice\\" /I"C:\Users\Gabriel Budau\Desktop\3DPROGRAMMING-87f651b44187ea53e178adaa8ca68130c44646d1\TehProgAplGrafice\..\Libraries\glew\include\GL" /I"C:\Users\Gabriel Budau\Desktop\3DPROGRAMMING-87f651b44187ea53e178adaa8ca68130c44646d1\TehProgAplGrafice\..\Libraries\glm" /I"C:\Users\Gabriel Budau\Desktop\3DPROGRAMMING-87f651b44187ea53e178adaa8ca68130c44646d1\TehProgAplGrafice\..\Libraries\zlib\include" /ZI /nologo /W3 /WX- /sdl /Od /Oy- /D _MBCS /Gm /EHsc /RTC1 /MDd /GS /fp:precise /Zc:wchar_t /Zc:forScope /Fo"Debug\Temp\\" /Fd"Debug\Temp\vc120.pdb" /Gd /TP /analyze- /errorReport:prompt main.cpp
         main.cpp
     1>c:\users\gabriel budau\desktop\3dprogramming-87f651b44187ea53e178adaa8ca68130c44646d1\tehprogaplgrafice\main.h(124): warning C4018: '<' : signed/unsigned mismatch
     1>c:\users\gabriel budau\desktop\3dprogramming-87f651b44187ea53e178adaa8ca68130c44646d1\tehprogaplgrafice\main.h(133): warning C4018: '<' : signed/unsigned mismatch
     1>c:\users\gabriel budau\desktop\3dprogramming-87f651b44187ea53e178adaa8ca68130c44646d1\tehprogaplgrafice\main.h(189): warning C4018: '<' : signed/unsigned mismatch
     1>c:\users\gabriel budau\desktop\3dprogramming-87f651b44187ea53e178adaa8ca68130c44646d1\tehprogaplgrafice\main.h(211): warning C4018: '<' : signed/unsigned mismatch
     1>c:\users\gabriel budau\desktop\3dprogramming-87f651b44187ea53e178adaa8ca68130c44646d1\tehprogaplgrafice\main.h(214): warning C4244: 'initializing' : conversion from 'double' to 'float', possible loss of data
     1>c:\users\gabriel budau\desktop\3dprogramming-87f651b44187ea53e178adaa8ca68130c44646d1\tehprogaplgrafice\main.h(221): warning C4244: 'initializing' : conversion from 'double' to 'float', possible loss of data
     1>c:\users\gabriel budau\desktop\3dprogramming-87f651b44187ea53e178adaa8ca68130c44646d1\tehprogaplgrafice\main.h(227): warning C4018: '<' : signed/unsigned mismatch
     1>c:\users\gabriel budau\desktop\3dprogramming-87f651b44187ea53e178adaa8ca68130c44646d1\tehprogaplgrafice\main.h(231): warning C4018: '<' : signed/unsigned mismatch
     1>c:\users\gabriel budau\desktop\3dprogramming-87f651b44187ea53e178adaa8ca68130c44646d1\tehprogaplgrafice\main.cpp(91): warning C4244: 'argument' : conversion from 'time_t' to 'unsigned int', possible loss of data
     1>c:\users\gabriel budau\desktop\3dprogramming-87f651b44187ea53e178adaa8ca68130c44646d1\tehprogaplgrafice\main.cpp(139): warning C4018: '<' : signed/unsigned mismatch
       Link:
         C:\Program Files (x86)\Microsoft Visual Studio 12.0\VC\bin\link.exe /ERRORREPORT:PROMPT /OUT:"C:\Users\Gabriel Budau\Desktop\3DPROGRAMMING-87f651b44187ea53e178adaa8ca68130c44646d1\TehProgAplGrafice\Debug\Ray Tracer.exe" /INCREMENTAL /NOLOGO /LIBPATH:"C:\Users\Gabriel Budau\Desktop\3DPROGRAMMING-87f651b44187ea53e178adaa8ca68130c44646d1\TehProgAplGrafice\..\Libraries\freeglut\lib" /LIBPATH:"C:\Users\Gabriel Budau\Desktop\3DPROGRAMMING-87f651b44187ea53e178adaa8ca68130c44646d1\TehProgAplGrafice\..\Libraries\glew\lib\Release\Win32" /LIBPATH:"C:\Users\Gabriel Budau\Desktop\3DPROGRAMMING-87f651b44187ea53e178adaa8ca68130c44646d1\TehProgAplGrafice\..\Libraries\zlib\lib" zdll.lib glew32.lib glew32s.lib freeglut.lib kernel32.lib user32.lib gdi32.lib winspool.lib comdlg32.lib advapi32.lib shell32.lib ole32.lib oleaut32.lib uuid.lib odbc32.lib odbccp32.lib kernel32.lib user32.lib gdi32.lib winspool.lib comdlg32.lib advapi32.lib shell32.lib ole32.lib oleaut32.lib uuid.lib odbc32.lib odbccp32.lib /MANIFEST /MANIFESTUAC:"level='asInvoker' uiAccess='false'" /manifest:embed /DEBUG /PDB:"C:\Users\Gabriel Budau\Desktop\3DPROGRAMMING-87f651b44187ea53e178adaa8ca68130c44646d1\TehProgAplGrafice\Debug\Ray Tracer.pdb" /TLBID:1 /DYNAMICBASE /NXCOMPAT /IMPLIB:"C:\Users\Gabriel Budau\Desktop\3DPROGRAMMING-87f651b44187ea53e178adaa8ca68130c44646d1\TehProgAplGrafice\Debug\Ray Tracer.lib" /MACHINE:X86 Debug\Temp\main.obj
         TehProgAplGrafice.vcxproj -> C:\Users\Gabriel Budau\Desktop\3DPROGRAMMING-87f651b44187ea53e178adaa8ca68130c44646d1\TehProgAplGrafice\Debug\Ray Tracer.exe
     1>Done Building Project "C:\Users\Gabriel Budau\Desktop\3DPROGRAMMING-87f651b44187ea53e178adaa8ca68130c44646d1\TehProgAplGrafice\TehProgAplGrafice.vcxproj" (Build target(s)).

Build succeeded.

Time Elapsed 00:00:03.44
